log4j:WARN No appenders could be found for logger (NHSensor.NHSensorSim.ui.EventController).
log4j:WARN Please initialize the log4j system properly.
java.lang.NullPointerException
	at org.pushingpixels.substance.internal.ui.SubstanceListUI.paintCell(SubstanceListUI.java:584)
	at javax.swing.plaf.basic.BasicListUI.paintImpl(Unknown Source)
	at javax.swing.plaf.basic.BasicListUI.paint(Unknown Source)
	at org.pushingpixels.substance.internal.ui.SubstanceListUI.__org__pushingpixels__substance__internal__ui__SubstanceListUI__update(SubstanceListUI.java:788)
	at org.pushingpixels.substance.internal.ui.SubstanceListUI.update(SubstanceListUI.java)
	at javax.swing.JComponent.paintComponent(Unknown Source)
	at javax.swing.JComponent.paint(Unknown Source)
	at javax.swing.JComponent.paintToOffscreen(Unknown Source)
	at javax.swing.RepaintManager$PaintManager.paintDoubleBuffered(Unknown Source)
	at javax.swing.RepaintManager$PaintManager.paint(Unknown Source)
	at javax.swing.RepaintManager.paint(Unknown Source)
	at javax.swing.JComponent.paintForceDoubleBuffered(Unknown Source)
	at javax.swing.JViewport.paintView(Unknown Source)
	at javax.swing.JViewport.windowBlitPaint(Unknown Source)
	at javax.swing.JViewport.setViewPosition(Unknown Source)
	at javax.swing.JViewport.scrollRectToVisible(Unknown Source)
	at javax.swing.JComponent.scrollRectToVisible(Unknown Source)
	at javax.swing.JList.ensureIndexIsVisible(Unknown Source)
	at NHSensor.NHSensorSim.ui.EventsList.updateSensornetView(EventsList.java:29)
	at NHSensor.NHSensorSim.ui.SensornetModel.repaintCanvases(SensornetModel.java:106)
	at NHSensor.NHSensorSim.ui.SensornetModel.moveNext(SensornetModel.java:163)
	at NHSensor.NHSensorSim.ui.EventController.next(EventController.java:29)
	at NHSensor.NHSensorSim.ui.EventController.run(EventController.java:66)
	at java.lang.Thread.run(Unknown Source)
org.pushingpixels.substance.api.UiThreadingViolationException: Component state change must be done on Event Dispatch Thread
	at org.pushingpixels.substance.internal.utils.SubstanceCoreUtilities.testComponentStateChangeThreadingViolation(SubstanceCoreUtilities.java:2064)
	at org.pushingpixels.substance.internal.ui.SubstanceScrollBarUI$3.adjustmentValueChanged(SubstanceScrollBarUI.java:1138)
	at javax.swing.JScrollBar.fireAdjustmentValueChanged(Unknown Source)
	at javax.swing.JScrollBar.access$100(Unknown Source)
	at javax.swing.JScrollBar$ModelListener.stateChanged(Unknown Source)
	at javax.swing.DefaultBoundedRangeModel.fireStateChanged(Unknown Source)
	at javax.swing.DefaultBoundedRangeModel.setRangeProperties(Unknown Source)
	at javax.swing.JScrollBar.setValues(Unknown Source)
	at javax.swing.plaf.basic.BasicScrollPaneUI.syncScrollPaneWithViewport(Unknown Source)
	at javax.swing.plaf.basic.BasicScrollPaneUI$Handler.viewportStateChanged(Unknown Source)
	at javax.swing.plaf.basic.BasicScrollPaneUI$Handler.stateChanged(Unknown Source)
	at javax.swing.JViewport.fireStateChanged(Unknown Source)
	at javax.swing.JViewport.setViewPosition(Unknown Source)
	at javax.swing.JViewport.scrollRectToVisible(Unknown Source)
	at javax.swing.JComponent.scrollRectToVisible(Unknown Source)
	at javax.swing.JList.ensureIndexIsVisible(Unknown Source)
	at NHSensor.NHSensorSim.ui.EventsMessageSizeList.updateSensornetView(EventsMessageSizeList.java:48)
	at NHSensor.NHSensorSim.ui.SensornetModel.repaintCanvases(SensornetModel.java:106)
	at NHSensor.NHSensorSim.ui.SensornetModel.moveNext(SensornetModel.java:163)
	at NHSensor.NHSensorSim.ui.EventController.next(EventController.java:29)
	at NHSensor.NHSensorSim.ui.EventController.run(EventController.java:66)
	at java.lang.Thread.run(Unknown Source)
org.pushingpixels.substance.api.UiThreadingViolationException: Component state change must be done on Event Dispatch Thread
	at org.pushingpixels.substance.internal.utils.SubstanceCoreUtilities.testComponentStateChangeThreadingViolation(SubstanceCoreUtilities.java:2064)
	at org.pushingpixels.substance.internal.ui.SubstanceScrollBarUI$3.adjustmentValueChanged(SubstanceScrollBarUI.java:1138)
	at javax.swing.JScrollBar.fireAdjustmentValueChanged(Unknown Source)
	at javax.swing.JScrollBar.access$100(Unknown Source)
	at javax.swing.JScrollBar$ModelListener.stateChanged(Unknown Source)
	at javax.swing.DefaultBoundedRangeModel.fireStateChanged(Unknown Source)
	at javax.swing.DefaultBoundedRangeModel.setRangeProperties(Unknown Source)
	at javax.swing.JScrollBar.setValues(Unknown Source)
	at javax.swing.plaf.basic.BasicScrollPaneUI.syncScrollPaneWithViewport(Unknown Source)
	at javax.swing.plaf.basic.BasicScrollPaneUI$Handler.viewportStateChanged(Unknown Source)
	at javax.swing.plaf.basic.BasicScrollPaneUI$Handler.stateChanged(Unknown Source)
	at javax.swing.JViewport.fireStateChanged(Unknown Source)
	at javax.swing.JViewport.setViewPosition(Unknown Source)
	at javax.swing.JViewport.scrollRectToVisible(Unknown Source)
	at javax.swing.JComponent.scrollRectToVisible(Unknown Source)
	at javax.swing.JList.ensureIndexIsVisible(Unknown Source)
	at NHSensor.NHSensorSim.ui.EventsEnergyList.updateSensornetView(EventsEnergyList.java:47)
	at NHSensor.NHSensorSim.ui.SensornetModel.repaintCanvases(SensornetModel.java:106)
	at NHSensor.NHSensorSim.ui.SensornetModel.moveNext(SensornetModel.java:163)
	at NHSensor.NHSensorSim.ui.EventController.next(EventController.java:29)
	at NHSensor.NHSensorSim.ui.EventController.run(EventController.java:66)
	at java.lang.Thread.run(Unknown Source)
org.pushingpixels.substance.api.UiThreadingViolationException: Component state change must be done on Event Dispatch Thread
	at org.pushingpixels.substance.internal.utils.SubstanceCoreUtilities.testComponentStateChangeThreadingViolation(SubstanceCoreUtilities.java:2064)
	at org.pushingpixels.substance.internal.ui.SubstanceScrollBarUI$3.adjustmentValueChanged(SubstanceScrollBarUI.java:1138)
	at javax.swing.JScrollBar.fireAdjustmentValueChanged(Unknown Source)
	at javax.swing.JScrollBar.access$100(Unknown Source)
	at javax.swing.JScrollBar$ModelListener.stateChanged(Unknown Source)
	at javax.swing.DefaultBoundedRangeModel.fireStateChanged(Unknown Source)
	at javax.swing.DefaultBoundedRangeModel.setRangeProperties(Unknown Source)
	at javax.swing.JScrollBar.setValues(Unknown Source)
	at javax.swing.plaf.basic.BasicScrollPaneUI.syncScrollPaneWithViewport(Unknown Source)
	at javax.swing.plaf.basic.BasicScrollPaneUI$Handler.viewportStateChanged(Unknown Source)
	at javax.swing.plaf.basic.BasicScrollPaneUI$Handler.stateChanged(Unknown Source)
	at javax.swing.JViewport.fireStateChanged(Unknown Source)
	at javax.swing.JViewport.setViewPosition(Unknown Source)
	at javax.swing.JViewport.scrollRectToVisible(Unknown Source)
	at javax.swing.JComponent.scrollRectToVisible(Unknown Source)
	at javax.swing.JList.ensureIndexIsVisible(Unknown Source)
	at NHSensor.NHSensorSim.ui.EnergyUtilEventsList.updateSensornetView(EnergyUtilEventsList.java:48)
	at NHSensor.NHSensorSim.ui.SensornetModel.repaintCanvases(SensornetModel.java:106)
	at NHSensor.NHSensorSim.ui.SensornetModel.moveNext(SensornetModel.java:163)
	at NHSensor.NHSensorSim.ui.EventController.next(EventController.java:29)
	at NHSensor.NHSensorSim.ui.EventController.run(EventController.java:66)
	at java.lang.Thread.run(Unknown Source)
org.pushingpixels.substance.api.UiThreadingViolationException: Component state change must be done on Event Dispatch Thread
	at org.pushingpixels.substance.internal.utils.SubstanceCoreUtilities.testComponentStateChangeThreadingViolation(SubstanceCoreUtilities.java:2064)
	at org.pushingpixels.substance.internal.ui.SubstanceScrollBarUI$3.adjustmentValueChanged(SubstanceScrollBarUI.java:1138)
	at javax.swing.JScrollBar.fireAdjustmentValueChanged(Unknown Source)
	at javax.swing.JScrollBar.access$100(Unknown Source)
	at javax.swing.JScrollBar$ModelListener.stateChanged(Unknown Source)
	at javax.swing.DefaultBoundedRangeModel.fireStateChanged(Unknown Source)
	at javax.swing.DefaultBoundedRangeModel.setRangeProperties(Unknown Source)
	at javax.swing.JScrollBar.setValues(Unknown Source)
	at javax.swing.plaf.basic.BasicScrollPaneUI.syncScrollPaneWithViewport(Unknown Source)
	at javax.swing.plaf.basic.BasicScrollPaneUI$Handler.viewportStateChanged(Unknown Source)
	at javax.swing.plaf.basic.BasicScrollPaneUI$Handler.stateChanged(Unknown Source)
	at javax.swing.JViewport.fireStateChanged(Unknown Source)
	at javax.swing.JViewport.setViewPosition(Unknown Source)
	at javax.swing.JViewport.scrollRectToVisible(Unknown Source)
	at javax.swing.JComponent.scrollRectToVisible(Unknown Source)
	at javax.swing.JList.ensureIndexIsVisible(Unknown Source)
	at NHSensor.NHSensorSim.ui.EventsList.updateSensornetView(EventsList.java:29)
	at NHSensor.NHSensorSim.ui.SensornetModel.repaintCanvases(SensornetModel.java:106)
	at NHSensor.NHSensorSim.ui.SensornetModel.moveNext(SensornetModel.java:163)
	at NHSensor.NHSensorSim.ui.EventController.next(EventController.java:29)
	at NHSensor.NHSensorSim.ui.EventController.run(EventController.java:66)
	at java.lang.Thread.run(Unknown Source)
org.pushingpixels.substance.api.UiThreadingViolationException: Component state change must be done on Event Dispatch Thread
	at org.pushingpixels.substance.internal.utils.SubstanceCoreUtilities.testComponentStateChangeThreadingViolation(SubstanceCoreUtilities.java:2064)
	at org.pushingpixels.substance.internal.ui.SubstanceScrollBarUI$3.adjustmentValueChanged(SubstanceScrollBarUI.java:1138)
	at javax.swing.JScrollBar.fireAdjustmentValueChanged(Unknown Source)
	at javax.swing.JScrollBar.access$100(Unknown Source)
	at javax.swing.JScrollBar$ModelListener.stateChanged(Unknown Source)
	at javax.swing.DefaultBoundedRangeModel.fireStateChanged(Unknown Source)
	at javax.swing.DefaultBoundedRangeModel.setRangeProperties(Unknown Source)
	at javax.swing.JScrollBar.setValues(Unknown Source)
	at javax.swing.plaf.basic.BasicScrollPaneUI.syncScrollPaneWithViewport(Unknown Source)
	at javax.swing.plaf.basic.BasicScrollPaneUI$Handler.viewportStateChanged(Unknown Source)
	at javax.swing.plaf.basic.BasicScrollPaneUI$Handler.stateChanged(Unknown Source)
	at javax.swing.JViewport.fireStateChanged(Unknown Source)
	at javax.swing.JViewport.setViewPosition(Unknown Source)
	at javax.swing.JViewport.scrollRectToVisible(Unknown Source)
	at javax.swing.JComponent.scrollRectToVisible(Unknown Source)
	at javax.swing.JList.ensureIndexIsVisible(Unknown Source)
	at NHSensor.NHSensorSim.ui.EventsMessageSizeList.updateSensornetView(EventsMessageSizeList.java:48)
	at NHSensor.NHSensorSim.ui.SensornetModel.repaintCanvases(SensornetModel.java:106)
	at NHSensor.NHSensorSim.ui.SensornetModel.moveNext(SensornetModel.java:163)
	at NHSensor.NHSensorSim.ui.EventController.next(EventController.java:29)
	at NHSensor.NHSensorSim.ui.EventController.run(EventController.java:66)
	at java.lang.Thread.run(Unknown Source)
org.pushingpixels.substance.api.UiThreadingViolationException: Component state change must be done on Event Dispatch Thread
	at org.pushingpixels.substance.internal.utils.SubstanceCoreUtilities.testComponentStateChangeThreadingViolation(SubstanceCoreUtilities.java:2064)
	at org.pushingpixels.substance.internal.ui.SubstanceScrollBarUI$3.adjustmentValueChanged(SubstanceScrollBarUI.java:1138)
	at javax.swing.JScrollBar.fireAdjustmentValueChanged(Unknown Source)
	at javax.swing.JScrollBar.access$100(Unknown Source)
	at javax.swing.JScrollBar$ModelListener.stateChanged(Unknown Source)
	at javax.swing.DefaultBoundedRangeModel.fireStateChanged(Unknown Source)
	at javax.swing.DefaultBoundedRangeModel.setRangeProperties(Unknown Source)
	at javax.swing.JScrollBar.setValues(Unknown Source)
	at javax.swing.plaf.basic.BasicScrollPaneUI.syncScrollPaneWithViewport(Unknown Source)
	at javax.swing.plaf.basic.BasicScrollPaneUI$Handler.viewportStateChanged(Unknown Source)
	at javax.swing.plaf.basic.BasicScrollPaneUI$Handler.stateChanged(Unknown Source)
	at javax.swing.JViewport.fireStateChanged(Unknown Source)
	at javax.swing.JViewport.setViewPosition(Unknown Source)
	at javax.swing.JViewport.scrollRectToVisible(Unknown Source)
	at javax.swing.JComponent.scrollRectToVisible(Unknown Source)
	at javax.swing.JList.ensureIndexIsVisible(Unknown Source)
	at NHSensor.NHSensorSim.ui.EventsEnergyList.updateSensornetView(EventsEnergyList.java:47)
	at NHSensor.NHSensorSim.ui.SensornetModel.repaintCanvases(SensornetModel.java:106)
	at NHSensor.NHSensorSim.ui.SensornetModel.moveNext(SensornetModel.java:163)
	at NHSensor.NHSensorSim.ui.EventController.next(EventController.java:29)
	at NHSensor.NHSensorSim.ui.EventController.run(EventController.java:66)
	at java.lang.Thread.run(Unknown Source)
org.pushingpixels.substance.api.UiThreadingViolationException: Component state change must be done on Event Dispatch Thread
	at org.pushingpixels.substance.internal.utils.SubstanceCoreUtilities.testComponentStateChangeThreadingViolation(SubstanceCoreUtilities.java:2064)
	at org.pushingpixels.substance.internal.ui.SubstanceScrollBarUI$3.adjustmentValueChanged(SubstanceScrollBarUI.java:1138)
	at javax.swing.JScrollBar.fireAdjustmentValueChanged(Unknown Source)
	at javax.swing.JScrollBar.access$100(Unknown Source)
	at javax.swing.JScrollBar$ModelListener.stateChanged(Unknown Source)
	at javax.swing.DefaultBoundedRangeModel.fireStateChanged(Unknown Source)
	at javax.swing.DefaultBoundedRangeModel.setRangeProperties(Unknown Source)
	at javax.swing.JScrollBar.setValues(Unknown Source)
	at javax.swing.plaf.basic.BasicScrollPaneUI.syncScrollPaneWithViewport(Unknown Source)
	at javax.swing.plaf.basic.BasicScrollPaneUI$Handler.viewportStateChanged(Unknown Source)
	at javax.swing.plaf.basic.BasicScrollPaneUI$Handler.stateChanged(Unknown Source)
	at javax.swing.JViewport.fireStateChanged(Unknown Source)
	at javax.swing.JViewport.setViewPosition(Unknown Source)
	at javax.swing.JViewport.scrollRectToVisible(Unknown Source)
	at javax.swing.JComponent.scrollRectToVisible(Unknown Source)
	at javax.swing.JList.ensureIndexIsVisible(Unknown Source)
	at NHSensor.NHSensorSim.ui.EnergyUtilEventsList.updateSensornetView(EnergyUtilEventsList.java:48)
	at NHSensor.NHSensorSim.ui.SensornetModel.repaintCanvases(SensornetModel.java:106)
	at NHSensor.NHSensorSim.ui.SensornetModel.moveNext(SensornetModel.java:163)
	at NHSensor.NHSensorSim.ui.EventController.next(EventController.java:29)
	at NHSensor.NHSensorSim.ui.EventController.run(EventController.java:66)
	at java.lang.Thread.run(Unknown Source)
org.pushingpixels.substance.api.UiThreadingViolationException: Component state change must be done on Event Dispatch Thread
	at org.pushingpixels.substance.internal.utils.SubstanceCoreUtilities.testComponentStateChangeThreadingViolation(SubstanceCoreUtilities.java:2064)
	at org.pushingpixels.substance.internal.ui.SubstanceScrollBarUI$3.adjustmentValueChanged(SubstanceScrollBarUI.java:1138)
	at javax.swing.JScrollBar.fireAdjustmentValueChanged(Unknown Source)
	at javax.swing.JScrollBar.access$100(Unknown Source)
	at javax.swing.JScrollBar$ModelListener.stateChanged(Unknown Source)
	at javax.swing.DefaultBoundedRangeModel.fireStateChanged(Unknown Source)
	at javax.swing.DefaultBoundedRangeModel.setRangeProperties(Unknown Source)
	at javax.swing.JScrollBar.setValues(Unknown Source)
	at javax.swing.plaf.basic.BasicScrollPaneUI.syncScrollPaneWithViewport(Unknown Source)
	at javax.swing.plaf.basic.BasicScrollPaneUI$Handler.viewportStateChanged(Unknown Source)
	at javax.swing.plaf.basic.BasicScrollPaneUI$Handler.stateChanged(Unknown Source)
	at javax.swing.JViewport.fireStateChanged(Unknown Source)
	at javax.swing.JViewport.setViewPosition(Unknown Source)
	at javax.swing.JViewport.scrollRectToVisible(Unknown Source)
	at javax.swing.JComponent.scrollRectToVisible(Unknown Source)
	at javax.swing.JList.ensureIndexIsVisible(Unknown Source)
	at NHSensor.NHSensorSim.ui.EventsList.updateSensornetView(EventsList.java:29)
	at NHSensor.NHSensorSim.ui.SensornetModel.repaintCanvases(SensornetModel.java:106)
	at NHSensor.NHSensorSim.ui.SensornetModel.moveNext(SensornetModel.java:163)
	at NHSensor.NHSensorSim.ui.EventController.next(EventController.java:29)
	at NHSensor.NHSensorSim.ui.EventController.run(EventController.java:66)
	at java.lang.Thread.run(Unknown Source)
org.pushingpixels.substance.api.UiThreadingViolationException: Component state change must be done on Event Dispatch Thread
	at org.pushingpixels.substance.internal.utils.SubstanceCoreUtilities.testComponentStateChangeThreadingViolation(SubstanceCoreUtilities.java:2064)
	at org.pushingpixels.substance.internal.ui.SubstanceScrollBarUI$3.adjustmentValueChanged(SubstanceScrollBarUI.java:1138)
	at javax.swing.JScrollBar.fireAdjustmentValueChanged(Unknown Source)
	at javax.swing.JScrollBar.access$100(Unknown Source)
	at javax.swing.JScrollBar$ModelListener.stateChanged(Unknown Source)
	at javax.swing.DefaultBoundedRangeModel.fireStateChanged(Unknown Source)
	at javax.swing.DefaultBoundedRangeModel.setRangeProperties(Unknown Source)
	at javax.swing.JScrollBar.setValues(Unknown Source)
	at javax.swing.plaf.basic.BasicScrollPaneUI.syncScrollPaneWithViewport(Unknown Source)
	at javax.swing.plaf.basic.BasicScrollPaneUI$Handler.viewportStateChanged(Unknown Source)
	at javax.swing.plaf.basic.BasicScrollPaneUI$Handler.stateChanged(Unknown Source)
	at javax.swing.JViewport.fireStateChanged(Unknown Source)
	at javax.swing.JViewport.setViewPosition(Unknown Source)
	at javax.swing.JViewport.scrollRectToVisible(Unknown Source)
	at javax.swing.JComponent.scrollRectToVisible(Unknown Source)
	at javax.swing.JList.ensureIndexIsVisible(Unknown Source)
	at NHSensor.NHSensorSim.ui.EventsMessageSizeList.updateSensornetView(EventsMessageSizeList.java:48)
	at NHSensor.NHSensorSim.ui.SensornetModel.repaintCanvases(SensornetModel.java:106)
	at NHSensor.NHSensorSim.ui.SensornetModel.moveNext(SensornetModel.java:163)
	at NHSensor.NHSensorSim.ui.EventController.next(EventController.java:29)
	at NHSensor.NHSensorSim.ui.EventController.run(EventController.java:66)
	at java.lang.Thread.run(Unknown Source)
org.pushingpixels.substance.api.UiThreadingViolationException: Component state change must be done on Event Dispatch Thread
	at org.pushingpixels.substance.internal.utils.SubstanceCoreUtilities.testComponentStateChangeThreadingViolation(SubstanceCoreUtilities.java:2064)
	at org.pushingpixels.substance.internal.ui.SubstanceScrollBarUI$3.adjustmentValueChanged(SubstanceScrollBarUI.java:1138)
	at javax.swing.JScrollBar.fireAdjustmentValueChanged(Unknown Source)
	at javax.swing.JScrollBar.access$100(Unknown Source)
	at javax.swing.JScrollBar$ModelListener.stateChanged(Unknown Source)
	at javax.swing.DefaultBoundedRangeModel.fireStateChanged(Unknown Source)
	at javax.swing.DefaultBoundedRangeModel.setRangeProperties(Unknown Source)
	at javax.swing.JScrollBar.setValues(Unknown Source)
	at javax.swing.plaf.basic.BasicScrollPaneUI.syncScrollPaneWithViewport(Unknown Source)
	at javax.swing.plaf.basic.BasicScrollPaneUI$Handler.viewportStateChanged(Unknown Source)
	at javax.swing.plaf.basic.BasicScrollPaneUI$Handler.stateChanged(Unknown Source)
	at javax.swing.JViewport.fireStateChanged(Unknown Source)
	at javax.swing.JViewport.setViewPosition(Unknown Source)
	at javax.swing.JViewport.scrollRectToVisible(Unknown Source)
	at javax.swing.JComponent.scrollRectToVisible(Unknown Source)
	at javax.swing.JList.ensureIndexIsVisible(Unknown Source)
	at NHSensor.NHSensorSim.ui.EventsEnergyList.updateSensornetView(EventsEnergyList.java:47)
	at NHSensor.NHSensorSim.ui.SensornetModel.repaintCanvases(SensornetModel.java:106)
	at NHSensor.NHSensorSim.ui.SensornetModel.moveNext(SensornetModel.java:163)
	at NHSensor.NHSensorSim.ui.EventController.next(EventController.java:29)
	at NHSensor.NHSensorSim.ui.EventController.run(EventController.java:66)
	at java.lang.Thread.run(Unknown Source)
org.pushingpixels.substance.api.UiThreadingViolationException: Component state change must be done on Event Dispatch Thread
	at org.pushingpixels.substance.internal.utils.SubstanceCoreUtilities.testComponentStateChangeThreadingViolation(SubstanceCoreUtilities.java:2064)
	at org.pushingpixels.substance.internal.ui.SubstanceScrollBarUI$3.adjustmentValueChanged(SubstanceScrollBarUI.java:1138)
	at javax.swing.JScrollBar.fireAdjustmentValueChanged(Unknown Source)
	at javax.swing.JScrollBar.access$100(Unknown Source)
	at javax.swing.JScrollBar$ModelListener.stateChanged(Unknown Source)
	at javax.swing.DefaultBoundedRangeModel.fireStateChanged(Unknown Source)
	at javax.swing.DefaultBoundedRangeModel.setRangeProperties(Unknown Source)
	at javax.swing.JScrollBar.setValues(Unknown Source)
	at javax.swing.plaf.basic.BasicScrollPaneUI.syncScrollPaneWithViewport(Unknown Source)
	at javax.swing.plaf.basic.BasicScrollPaneUI$Handler.viewportStateChanged(Unknown Source)
	at javax.swing.plaf.basic.BasicScrollPaneUI$Handler.stateChanged(Unknown Source)
	at javax.swing.JViewport.fireStateChanged(Unknown Source)
	at javax.swing.JViewport.setViewPosition(Unknown Source)
	at javax.swing.JViewport.scrollRectToVisible(Unknown Source)
	at javax.swing.JComponent.scrollRectToVisible(Unknown Source)
	at javax.swing.JList.ensureIndexIsVisible(Unknown Source)
	at NHSensor.NHSensorSim.ui.EnergyUtilEventsList.updateSensornetView(EnergyUtilEventsList.java:48)
	at NHSensor.NHSensorSim.ui.SensornetModel.repaintCanvases(SensornetModel.java:106)
	at NHSensor.NHSensorSim.ui.SensornetModel.moveNext(SensornetModel.java:163)
	at NHSensor.NHSensorSim.ui.EventController.next(EventController.java:29)
	at NHSensor.NHSensorSim.ui.EventController.run(EventController.java:66)
	at java.lang.Thread.run(Unknown Source)
org.pushingpixels.substance.api.UiThreadingViolationException: Component state change must be done on Event Dispatch Thread
	at org.pushingpixels.substance.internal.utils.SubstanceCoreUtilities.testComponentStateChangeThreadingViolation(SubstanceCoreUtilities.java:2064)
	at org.pushingpixels.substance.internal.ui.SubstanceScrollBarUI$3.adjustmentValueChanged(SubstanceScrollBarUI.java:1138)
	at javax.swing.JScrollBar.fireAdjustmentValueChanged(Unknown Source)
	at javax.swing.JScrollBar.access$100(Unknown Source)
	at javax.swing.JScrollBar$ModelListener.stateChanged(Unknown Source)
	at javax.swing.DefaultBoundedRangeModel.fireStateChanged(Unknown Source)
	at javax.swing.DefaultBoundedRangeModel.setRangeProperties(Unknown Source)
	at javax.swing.JScrollBar.setValues(Unknown Source)
	at javax.swing.plaf.basic.BasicScrollPaneUI.syncScrollPaneWithViewport(Unknown Source)
	at javax.swing.plaf.basic.BasicScrollPaneUI$Handler.viewportStateChanged(Unknown Source)
	at javax.swing.plaf.basic.BasicScrollPaneUI$Handler.stateChanged(Unknown Source)
	at javax.swing.JViewport.fireStateChanged(Unknown Source)
	at javax.swing.JViewport.setViewPosition(Unknown Source)
	at javax.swing.JViewport.scrollRectToVisible(Unknown Source)
	at javax.swing.JComponent.scrollRectToVisible(Unknown Source)
	at javax.swing.JList.ensureIndexIsVisible(Unknown Source)
	at NHSensor.NHSensorSim.ui.EventsList.updateSensornetView(EventsList.java:29)
	at NHSensor.NHSensorSim.ui.SensornetModel.repaintCanvases(SensornetModel.java:106)
	at NHSensor.NHSensorSim.ui.SensornetModel.moveNext(SensornetModel.java:163)
	at NHSensor.NHSensorSim.ui.EventController.next(EventController.java:29)
	at NHSensor.NHSensorSim.ui.EventController.run(EventController.java:66)
	at java.lang.Thread.run(Unknown Source)
org.pushingpixels.substance.api.UiThreadingViolationException: Component state change must be done on Event Dispatch Thread
	at org.pushingpixels.substance.internal.utils.SubstanceCoreUtilities.testComponentStateChangeThreadingViolation(SubstanceCoreUtilities.java:2064)
	at org.pushingpixels.substance.internal.ui.SubstanceScrollBarUI$3.adjustmentValueChanged(SubstanceScrollBarUI.java:1138)
	at javax.swing.JScrollBar.fireAdjustmentValueChanged(Unknown Source)
	at javax.swing.JScrollBar.access$100(Unknown Source)
	at javax.swing.JScrollBar$ModelListener.stateChanged(Unknown Source)
	at javax.swing.DefaultBoundedRangeModel.fireStateChanged(Unknown Source)
	at javax.swing.DefaultBoundedRangeModel.setRangeProperties(Unknown Source)
	at javax.swing.JScrollBar.setValues(Unknown Source)
	at javax.swing.plaf.basic.BasicScrollPaneUI.syncScrollPaneWithViewport(Unknown Source)
	at javax.swing.plaf.basic.BasicScrollPaneUI$Handler.viewportStateChanged(Unknown Source)
	at javax.swing.plaf.basic.BasicScrollPaneUI$Handler.stateChanged(Unknown Source)
	at javax.swing.JViewport.fireStateChanged(Unknown Source)
	at javax.swing.JViewport.setViewPosition(Unknown Source)
	at javax.swing.JViewport.scrollRectToVisible(Unknown Source)
	at javax.swing.JComponent.scrollRectToVisible(Unknown Source)
	at javax.swing.JList.ensureIndexIsVisible(Unknown Source)
	at NHSensor.NHSensorSim.ui.EventsMessageSizeList.updateSensornetView(EventsMessageSizeList.java:48)
	at NHSensor.NHSensorSim.ui.SensornetModel.repaintCanvases(SensornetModel.java:106)
	at NHSensor.NHSensorSim.ui.SensornetModel.moveNext(SensornetModel.java:163)
	at NHSensor.NHSensorSim.ui.EventController.next(EventController.java:29)
	at NHSensor.NHSensorSim.ui.EventController.run(EventController.java:66)
	at java.lang.Thread.run(Unknown Source)
org.pushingpixels.substance.api.UiThreadingViolationException: Component state change must be done on Event Dispatch Thread
	at org.pushingpixels.substance.internal.utils.SubstanceCoreUtilities.testComponentStateChangeThreadingViolation(SubstanceCoreUtilities.java:2064)
	at org.pushingpixels.substance.internal.ui.SubstanceScrollBarUI$3.adjustmentValueChanged(SubstanceScrollBarUI.java:1138)
	at javax.swing.JScrollBar.fireAdjustmentValueChanged(Unknown Source)
	at javax.swing.JScrollBar.access$100(Unknown Source)
	at javax.swing.JScrollBar$ModelListener.stateChanged(Unknown Source)
	at javax.swing.DefaultBoundedRangeModel.fireStateChanged(Unknown Source)
	at javax.swing.DefaultBoundedRangeModel.setRangeProperties(Unknown Source)
	at javax.swing.JScrollBar.setValues(Unknown Source)
	at javax.swing.plaf.basic.BasicScrollPaneUI.syncScrollPaneWithViewport(Unknown Source)
	at javax.swing.plaf.basic.BasicScrollPaneUI$Handler.viewportStateChanged(Unknown Source)
	at javax.swing.plaf.basic.BasicScrollPaneUI$Handler.stateChanged(Unknown Source)
	at javax.swing.JViewport.fireStateChanged(Unknown Source)
	at javax.swing.JViewport.setViewPosition(Unknown Source)
	at javax.swing.JViewport.scrollRectToVisible(Unknown Source)
	at javax.swing.JComponent.scrollRectToVisible(Unknown Source)
	at javax.swing.JList.ensureIndexIsVisible(Unknown Source)
	at NHSensor.NHSensorSim.ui.EventsEnergyList.updateSensornetView(EventsEnergyList.java:47)
	at NHSensor.NHSensorSim.ui.SensornetModel.repaintCanvases(SensornetModel.java:106)
	at NHSensor.NHSensorSim.ui.SensornetModel.moveNext(SensornetModel.java:163)
	at NHSensor.NHSensorSim.ui.EventController.next(EventController.java:29)
	at NHSensor.NHSensorSim.ui.EventController.run(EventController.java:66)
	at java.lang.Thread.run(Unknown Source)
org.pushingpixels.substance.api.UiThreadingViolationException: Component state change must be done on Event Dispatch Thread
	at org.pushingpixels.substance.internal.utils.SubstanceCoreUtilities.testComponentStateChangeThreadingViolation(SubstanceCoreUtilities.java:2064)
	at org.pushingpixels.substance.internal.ui.SubstanceScrollBarUI$3.adjustmentValueChanged(SubstanceScrollBarUI.java:1138)
	at javax.swing.JScrollBar.fireAdjustmentValueChanged(Unknown Source)
	at javax.swing.JScrollBar.access$100(Unknown Source)
	at javax.swing.JScrollBar$ModelListener.stateChanged(Unknown Source)
	at javax.swing.DefaultBoundedRangeModel.fireStateChanged(Unknown Source)
	at javax.swing.DefaultBoundedRangeModel.setRangeProperties(Unknown Source)
	at javax.swing.JScrollBar.setValues(Unknown Source)
	at javax.swing.plaf.basic.BasicScrollPaneUI.syncScrollPaneWithViewport(Unknown Source)
	at javax.swing.plaf.basic.BasicScrollPaneUI$Handler.viewportStateChanged(Unknown Source)
	at javax.swing.plaf.basic.BasicScrollPaneUI$Handler.stateChanged(Unknown Source)
	at javax.swing.JViewport.fireStateChanged(Unknown Source)
	at javax.swing.JViewport.setViewPosition(Unknown Source)
	at javax.swing.JViewport.scrollRectToVisible(Unknown Source)
	at javax.swing.JComponent.scrollRectToVisible(Unknown Source)
	at javax.swing.JList.ensureIndexIsVisible(Unknown Source)
	at NHSensor.NHSensorSim.ui.EnergyUtilEventsList.updateSensornetView(EnergyUtilEventsList.java:48)
	at NHSensor.NHSensorSim.ui.SensornetModel.repaintCanvases(SensornetModel.java:106)
	at NHSensor.NHSensorSim.ui.SensornetModel.moveNext(SensornetModel.java:163)
	at NHSensor.NHSensorSim.ui.EventController.next(EventController.java:29)
	at NHSensor.NHSensorSim.ui.EventController.run(EventController.java:66)
	at java.lang.Thread.run(Unknown Source)
